<?xml version="1.0" encoding="UTF-8"?>
<robot generator="Robot 6.0.1 (Python 3.10.7 on win32)" generated="20221124 21:43:10.822" rpa="false" schemaversion="3">
<suite id="s1" name="TP" source="f:\Formation SQL CEGEP BdeB\4ieme Session\AUTOMATISATION DES TESTS II\Pratique01\TestCases\TP.robot">
<test id="s1-t1" name="TP" line="5">
<kw name="Ouvrire application" library="keywords LogIn test">
<arg>${URL}</arg>
<arg>${BROWSER}</arg>
<kw name="Open Browser" library="SeleniumLibrary">
<arg>${URL}</arg>
<arg>${BROWSER}</arg>
<doc>Opens a new browser instance to the optional ``url``.</doc>
<msg timestamp="20221124 21:43:11.691" level="INFO">Opening browser 'chrome' to base url 'https://practicetestautomation.com/practice-test-login/'.</msg>
<status status="PASS" starttime="20221124 21:43:11.690" endtime="20221124 21:43:15.866"/>
</kw>
<kw name="Maximize Browser Window" library="SeleniumLibrary">
<doc>Maximizes current browser window.</doc>
<status status="PASS" starttime="20221124 21:43:15.866" endtime="20221124 21:43:15.985"/>
</kw>
<kw name="Sleep" library="BuiltIn">
<arg>2</arg>
<doc>Pauses the test executed for the given time.</doc>
<msg timestamp="20221124 21:43:18.000" level="INFO">Slept 2 seconds</msg>
<status status="PASS" starttime="20221124 21:43:15.986" endtime="20221124 21:43:18.000"/>
</kw>
<status status="PASS" starttime="20221124 21:43:11.689" endtime="20221124 21:43:18.000"/>
</kw>
<kw name="Positive LogIn test" library="keywords LogIn test">
<kw name="Input Text" library="SeleniumLibrary">
<arg>${txt_username}</arg>
<arg>${var_username}</arg>
<doc>Types the given ``text`` into the text field identified by ``locator``.</doc>
<msg timestamp="20221124 21:43:18.024" level="INFO">Typing text 'student' into text field '//input[@name='username']'.</msg>
<status status="PASS" starttime="20221124 21:43:18.004" endtime="20221124 21:43:18.195"/>
</kw>
<kw name="Input Text" library="SeleniumLibrary">
<arg>${txt_password}</arg>
<arg>${var_password}</arg>
<doc>Types the given ``text`` into the text field identified by ``locator``.</doc>
<msg timestamp="20221124 21:43:18.197" level="INFO">Typing text 'Password123' into text field '//input[@name='password']'.</msg>
<status status="PASS" starttime="20221124 21:43:18.195" endtime="20221124 21:43:18.367"/>
</kw>
<kw name="Sleep" library="BuiltIn">
<arg>2</arg>
<doc>Pauses the test executed for the given time.</doc>
<msg timestamp="20221124 21:43:20.375" level="INFO">Slept 2 seconds</msg>
<status status="PASS" starttime="20221124 21:43:18.367" endtime="20221124 21:43:20.376"/>
</kw>
<kw name="Click Element" library="SeleniumLibrary">
<arg>${btn_login}</arg>
<doc>Click the element identified by ``locator``.</doc>
<msg timestamp="20221124 21:43:20.378" level="INFO">Clicking element '//button[@id='submit']'.</msg>
<status status="PASS" starttime="20221124 21:43:20.377" endtime="20221124 21:43:23.777"/>
</kw>
<kw name="Get Location" library="SeleniumLibrary">
<var>${url}</var>
<doc>Returns the current browser window URL.</doc>
<msg timestamp="20221124 21:43:23.786" level="INFO">${url} = https://practicetestautomation.com/logged-in-successfully/</msg>
<status status="PASS" starttime="20221124 21:43:23.778" endtime="20221124 21:43:23.786"/>
</kw>
<kw name="Log To Console" library="BuiltIn">
<arg>${url}</arg>
<doc>Logs the given message to the console.</doc>
<status status="PASS" starttime="20221124 21:43:23.787" endtime="20221124 21:43:23.790"/>
</kw>
<kw name="Sleep" library="BuiltIn">
<arg>2</arg>
<doc>Pauses the test executed for the given time.</doc>
<msg timestamp="20221124 21:43:25.799" level="INFO">Slept 2 seconds</msg>
<status status="PASS" starttime="20221124 21:43:23.791" endtime="20221124 21:43:25.799"/>
</kw>
<kw name="Page Should Contain" library="SeleniumLibrary">
<arg>practicetestautomation.com/logged-in-successfully/</arg>
<doc>Verifies that current page contains ``text``.</doc>
<msg timestamp="20221124 21:43:25.816" level="INFO">Current page contains text 'practicetestautomation.com/logged-in-successfully/'.</msg>
<status status="PASS" starttime="20221124 21:43:25.800" endtime="20221124 21:43:25.816"/>
</kw>
<kw name="Sleep" library="BuiltIn">
<arg>2</arg>
<doc>Pauses the test executed for the given time.</doc>
<msg timestamp="20221124 21:43:27.826" level="INFO">Slept 2 seconds</msg>
<status status="PASS" starttime="20221124 21:43:25.817" endtime="20221124 21:43:27.826"/>
</kw>
<kw name="Get Text" library="SeleniumLibrary">
<var>${expected_text}</var>
<arg>//strong[contains(text(),'Congratulations student. You successfully logged i')]</arg>
<doc>Returns the text value of the element identified by ``locator``.</doc>
<msg timestamp="20221124 21:43:27.852" level="INFO">${expected_text} = Congratulations student. You successfully logged in!</msg>
<status status="PASS" starttime="20221124 21:43:27.826" endtime="20221124 21:43:27.852"/>
</kw>
<kw name="Log To Console" library="BuiltIn">
<arg>${expected_text}</arg>
<doc>Logs the given message to the console.</doc>
<status status="PASS" starttime="20221124 21:43:27.852" endtime="20221124 21:43:27.853"/>
</kw>
<kw name="Page Should Contain" library="SeleniumLibrary">
<arg>Congratulations</arg>
<doc>Verifies that current page contains ``text``.</doc>
<msg timestamp="20221124 21:43:27.871" level="INFO">Current page contains text 'Congratulations'.</msg>
<status status="PASS" starttime="20221124 21:43:27.853" endtime="20221124 21:43:27.871"/>
</kw>
<kw name="Sleep" library="BuiltIn">
<arg>2</arg>
<doc>Pauses the test executed for the given time.</doc>
<msg timestamp="20221124 21:43:29.878" level="INFO">Slept 2 seconds</msg>
<status status="PASS" starttime="20221124 21:43:27.872" endtime="20221124 21:43:29.880"/>
</kw>
<kw name="Page Should Contain Link" library="SeleniumLibrary">
<arg>//a[@class='wp-block-button__link has-text-color has-background has-very-dark-gray-background-color']</arg>
<doc>Verifies link identified by ``locator`` is found from current page.</doc>
<msg timestamp="20221124 21:43:29.930" level="INFO">Current page contains link '//a[@class='wp-block-button__link has-text-color has-background has-very-dark-gray-background-color']'.</msg>
<status status="PASS" starttime="20221124 21:43:29.881" endtime="20221124 21:43:29.930"/>
</kw>
<kw name="Get Text" library="SeleniumLibrary">
<var>${button}</var>
<arg>//a[@class='wp-block-button__link has-text-color has-background has-very-dark-gray-background-color']</arg>
<doc>Returns the text value of the element identified by ``locator``.</doc>
<msg timestamp="20221124 21:43:29.990" level="INFO">${button} = Log out</msg>
<status status="PASS" starttime="20221124 21:43:29.931" endtime="20221124 21:43:29.991"/>
</kw>
<kw name="Log To Console" library="BuiltIn">
<arg>${button}</arg>
<doc>Logs the given message to the console.</doc>
<status status="PASS" starttime="20221124 21:43:29.991" endtime="20221124 21:43:29.997"/>
</kw>
<kw name="Close All Browsers" library="SeleniumLibrary">
<doc>Closes all open browsers and resets the browser cache.</doc>
<status status="PASS" starttime="20221124 21:43:29.997" endtime="20221124 21:43:32.408"/>
</kw>
<status status="PASS" starttime="20221124 21:43:18.003" endtime="20221124 21:43:32.409"/>
</kw>
<kw name="Negative username test" library="keywords LogIn test">
<kw name="Ouvrire application" library="keywords LogIn test">
<arg>${URL}</arg>
<arg>${BROWSER}</arg>
<kw name="Open Browser" library="SeleniumLibrary">
<arg>${URL}</arg>
<arg>${BROWSER}</arg>
<doc>Opens a new browser instance to the optional ``url``.</doc>
<msg timestamp="20221124 21:43:32.417" level="INFO">Opening browser 'chrome' to base url 'https://practicetestautomation.com/practice-test-login/'.</msg>
<status status="PASS" starttime="20221124 21:43:32.416" endtime="20221124 21:43:35.103"/>
</kw>
<kw name="Maximize Browser Window" library="SeleniumLibrary">
<doc>Maximizes current browser window.</doc>
<status status="PASS" starttime="20221124 21:43:35.103" endtime="20221124 21:43:35.239"/>
</kw>
<kw name="Sleep" library="BuiltIn">
<arg>2</arg>
<doc>Pauses the test executed for the given time.</doc>
<msg timestamp="20221124 21:43:37.244" level="INFO">Slept 2 seconds</msg>
<status status="PASS" starttime="20221124 21:43:35.239" endtime="20221124 21:43:37.244"/>
</kw>
<status status="PASS" starttime="20221124 21:43:32.415" endtime="20221124 21:43:37.245"/>
</kw>
<kw name="Input Text" library="SeleniumLibrary">
<arg>${txt_username}</arg>
<arg>${var_username_érroné}</arg>
<doc>Types the given ``text`` into the text field identified by ``locator``.</doc>
<msg timestamp="20221124 21:43:37.245" level="INFO">Typing text 'incorrectUser' into text field '//input[@name='username']'.</msg>
<status status="PASS" starttime="20221124 21:43:37.245" endtime="20221124 21:43:37.363"/>
</kw>
<kw name="Input Text" library="SeleniumLibrary">
<arg>${txt_password}</arg>
<arg>${var_password}</arg>
<doc>Types the given ``text`` into the text field identified by ``locator``.</doc>
<msg timestamp="20221124 21:43:37.364" level="INFO">Typing text 'Password123' into text field '//input[@name='password']'.</msg>
<status status="PASS" starttime="20221124 21:43:37.363" endtime="20221124 21:43:37.538"/>
</kw>
<kw name="Sleep" library="BuiltIn">
<arg>2</arg>
<doc>Pauses the test executed for the given time.</doc>
<msg timestamp="20221124 21:43:39.542" level="INFO">Slept 2 seconds</msg>
<status status="PASS" starttime="20221124 21:43:37.538" endtime="20221124 21:43:39.542"/>
</kw>
<kw name="Click Element" library="SeleniumLibrary">
<arg>${btn_login}</arg>
<doc>Click the element identified by ``locator``.</doc>
<msg timestamp="20221124 21:43:39.545" level="INFO">Clicking element '//button[@id='submit']'.</msg>
<status status="PASS" starttime="20221124 21:43:39.543" endtime="20221124 21:43:39.604"/>
</kw>
<kw name="Page Should Contain" library="SeleniumLibrary">
<arg>Your username is invalid!</arg>
<doc>Verifies that current page contains ``text``.</doc>
<msg timestamp="20221124 21:43:39.624" level="INFO">Current page contains text 'Your username is invalid!'.</msg>
<status status="PASS" starttime="20221124 21:43:39.605" endtime="20221124 21:43:39.624"/>
</kw>
<kw name="Sleep" library="BuiltIn">
<arg>2</arg>
<doc>Pauses the test executed for the given time.</doc>
<msg timestamp="20221124 21:43:41.632" level="INFO">Slept 2 seconds</msg>
<status status="PASS" starttime="20221124 21:43:39.624" endtime="20221124 21:43:41.632"/>
</kw>
<kw name="Close All Browsers" library="SeleniumLibrary">
<doc>Closes all open browsers and resets the browser cache.</doc>
<status status="PASS" starttime="20221124 21:43:41.633" endtime="20221124 21:43:43.902"/>
</kw>
<status status="PASS" starttime="20221124 21:43:32.414" endtime="20221124 21:43:43.903"/>
</kw>
<kw name="Negative password test" library="keywords LogIn test">
<kw name="Ouvrire application" library="keywords LogIn test">
<arg>${URL}</arg>
<arg>${BROWSER}</arg>
<kw name="Open Browser" library="SeleniumLibrary">
<arg>${URL}</arg>
<arg>${BROWSER}</arg>
<doc>Opens a new browser instance to the optional ``url``.</doc>
<msg timestamp="20221124 21:43:43.905" level="INFO">Opening browser 'chrome' to base url 'https://practicetestautomation.com/practice-test-login/'.</msg>
<status status="PASS" starttime="20221124 21:43:43.904" endtime="20221124 21:43:46.340"/>
</kw>
<kw name="Maximize Browser Window" library="SeleniumLibrary">
<doc>Maximizes current browser window.</doc>
<status status="PASS" starttime="20221124 21:43:46.341" endtime="20221124 21:43:46.468"/>
</kw>
<kw name="Sleep" library="BuiltIn">
<arg>2</arg>
<doc>Pauses the test executed for the given time.</doc>
<msg timestamp="20221124 21:43:48.472" level="INFO">Slept 2 seconds</msg>
<status status="PASS" starttime="20221124 21:43:46.468" endtime="20221124 21:43:48.472"/>
</kw>
<status status="PASS" starttime="20221124 21:43:43.904" endtime="20221124 21:43:48.472"/>
</kw>
<kw name="Input Text" library="SeleniumLibrary">
<arg>${txt_username}</arg>
<arg>${var_username}</arg>
<doc>Types the given ``text`` into the text field identified by ``locator``.</doc>
<msg timestamp="20221124 21:43:48.473" level="INFO">Typing text 'student' into text field '//input[@name='username']'.</msg>
<status status="PASS" starttime="20221124 21:43:48.473" endtime="20221124 21:43:48.577"/>
</kw>
<kw name="Input Text" library="SeleniumLibrary">
<arg>${txt_password}</arg>
<arg>${var_password_érroné}</arg>
<doc>Types the given ``text`` into the text field identified by ``locator``.</doc>
<msg timestamp="20221124 21:43:48.580" level="INFO">Typing text 'incorrectPassword' into text field '//input[@name='password']'.</msg>
<status status="PASS" starttime="20221124 21:43:48.578" endtime="20221124 21:43:48.796"/>
</kw>
<kw name="Sleep" library="BuiltIn">
<arg>2</arg>
<doc>Pauses the test executed for the given time.</doc>
<msg timestamp="20221124 21:43:50.800" level="INFO">Slept 2 seconds</msg>
<status status="PASS" starttime="20221124 21:43:48.796" endtime="20221124 21:43:50.800"/>
</kw>
<kw name="Click Element" library="SeleniumLibrary">
<arg>${btn_login}</arg>
<doc>Click the element identified by ``locator``.</doc>
<msg timestamp="20221124 21:43:50.801" level="INFO">Clicking element '//button[@id='submit']'.</msg>
<status status="PASS" starttime="20221124 21:43:50.801" endtime="20221124 21:43:50.852"/>
</kw>
<kw name="Page Should Contain" library="SeleniumLibrary">
<arg>Your password is invalid!</arg>
<doc>Verifies that current page contains ``text``.</doc>
<msg timestamp="20221124 21:43:50.872" level="INFO">Current page contains text 'Your password is invalid!'.</msg>
<status status="PASS" starttime="20221124 21:43:50.852" endtime="20221124 21:43:50.872"/>
</kw>
<kw name="Sleep" library="BuiltIn">
<arg>2</arg>
<doc>Pauses the test executed for the given time.</doc>
<msg timestamp="20221124 21:43:52.882" level="INFO">Slept 2 seconds</msg>
<status status="PASS" starttime="20221124 21:43:50.873" endtime="20221124 21:43:52.882"/>
</kw>
<kw name="Close All Browsers" library="SeleniumLibrary">
<doc>Closes all open browsers and resets the browser cache.</doc>
<status status="PASS" starttime="20221124 21:43:52.883" endtime="20221124 21:43:55.148"/>
</kw>
<status status="PASS" starttime="20221124 21:43:43.903" endtime="20221124 21:43:55.149"/>
</kw>
<status status="PASS" starttime="20221124 21:43:11.688" endtime="20221124 21:43:55.150"/>
</test>
<status status="PASS" starttime="20221124 21:43:10.834" endtime="20221124 21:43:55.151"/>
</suite>
<statistics>
<total>
<stat pass="1" fail="0" skip="0">All Tests</stat>
</total>
<tag>
</tag>
<suite>
<stat pass="1" fail="0" skip="0" id="s1" name="TP">TP</stat>
</suite>
</statistics>
<errors>
</errors>
</robot>
